<?xml version="1.0" encoding="UTF-8"?>
<!-- Generated by org.testng.reporters.JUnitReportReporter -->
<testsuite hostname="DESKTOP-GRUOEUJ" failures="0" tests="1" name="LaxmanHardWork.Tests.StandAloneTest" time="40.176" errors="0" timestamp="2022-11-12T16:05:24 IST" skipped="0">
  <testcase classname="LaxmanHardWork.Tests.StandAloneTest" name="SubmitOrder" time="40.176"/>
  <system-out/>
</testsuite> <!-- LaxmanHardWork.Tests.StandAloneTest -->
